<?xml version="1.0" encoding="UTF-8"?>
<!-- Generated by org.testng.reporters.JUnitXMLReporter -->
<testsuite ignored="3" hostname="DESKTOP-OD5RHOE" failures="0" tests="1" name="Default test" time="14.829" errors="0" timestamp="14 Mar 2024 02:37:51 GMT">
  <testcase classname="com.selenium.alerts.DemoAlerts" name="testPromptAlertsAccept" time="5.213"/>
  <testcase classname="com.selenium.alerts.DemoAlerts" name="testConfirmationAlertsDismiss" time="0.0">
    <ignored/>
  </testcase> <!-- testConfirmationAlertsDismiss -->
  <testcase classname="com.selenium.alerts.DemoAlerts" name="testSimpleAlerts" time="0.0">
    <ignored/>
  </testcase> <!-- testSimpleAlerts -->
  <testcase classname="com.selenium.alerts.DemoAlerts" name="testConfirmationAlertsAccept" time="0.0">
    <ignored/>
  </testcase> <!-- testConfirmationAlertsAccept -->
</testsuite> <!-- Default test -->
