<?xml version="1.0" encoding="UTF-8"?>
<!-- Generated by org.testng.reporters.JUnitXMLReporter -->
<testsuite ignored="3" hostname="DESKTOP-OD5RHOE" failures="0" tests="1" name="Default test" time="9.107" errors="0" timestamp="11 Mar 2024 02:46:09 GMT">
  <testcase classname="com.selenium.listBox.DemoList" name="test4" time="9.088"/>
  <testcase classname="com.selenium.listBox.DemoList" name="test2" time="0.0">
    <ignored/>
  </testcase> <!-- test2 -->
  <testcase classname="com.selenium.listBox.DemoList" name="test3" time="0.0">
    <ignored/>
  </testcase> <!-- test3 -->
  <testcase classname="com.selenium.listBox.DemoList" name="test" time="0.0">
    <ignored/>
  </testcase> <!-- test -->
</testsuite> <!-- Default test -->
