<?xml version="1.0" encoding="UTF-8"?>
<!-- Generated by org.testng.reporters.JUnitXMLReporter -->
<testsuite ignored="6" hostname="DESKTOP-OD5RHOE" failures="0" tests="7" name="Test" time="28.154" errors="0" timestamp="14 Mar 2024 03:03:23 GMT">
  <testcase classname="com.selenium.alerts.DemoAlerts" name="testPromptAlertsAccept" time="0.231"/>
  <testcase classname="com.selenium.wait.DemoimplicitWaits" name="testWait" time="1.513"/>
  <testcase classname="com.selenium.wait.DemoAlertExplicitWait" name="testAlertsWithExplicitWait" time="6.275"/>
  <testcase classname="com.selenium.wait.DemoFluentWait" name="testFluentWait" time="6.472"/>
  <testcase classname="com.selenium.alerts.DemoAlerts" name="testSimpleAlerts" time="0.12"/>
  <testcase classname="com.selenium.alerts.DemoAlerts" name="testConfirmationAlertsAccept" time="0.163"/>
  <testcase classname="com.selenium.alerts.DemoAlerts" name="testConfirmationAlertsDismiss" time="0.146"/>
  <testcase classname="com.selenium.utils.Utils" name="@BeforeTest setUp" time="0.0">
    <ignored/>
  </testcase> <!-- @BeforeTest setUp -->
  <testcase classname="com.selenium.utils.Utils" name="@BeforeTest setUp" time="0.0">
    <ignored/>
  </testcase> <!-- @BeforeTest setUp -->
  <testcase classname="com.selenium.utils.Utils" name="@BeforeTest setUp" time="0.0">
    <ignored/>
  </testcase> <!-- @BeforeTest setUp -->
  <testcase classname="com.selenium.utils.Utils" name="@AfterTest closeBrowser" time="0.0">
    <ignored/>
  </testcase> <!-- @AfterTest closeBrowser -->
  <testcase classname="com.selenium.utils.Utils" name="@AfterTest closeBrowser" time="0.0">
    <ignored/>
  </testcase> <!-- @AfterTest closeBrowser -->
  <testcase classname="com.selenium.utils.Utils" name="@AfterTest closeBrowser" time="0.0">
    <ignored/>
  </testcase> <!-- @AfterTest closeBrowser -->
</testsuite> <!-- Test -->
