<?xml version="1.0" encoding="UTF-8"?>
<!-- Generated by org.testng.reporters.JUnitXMLReporter -->
<testsuite ignored="6" hostname="DESKTOP-OD5RHOE" failures="0" tests="8" name="Test" time="0.045" errors="0" timestamp="26 Mar 2024 02:40:29 GMT">
  <testcase classname="com.hellomaven.tests.DemoGroups2" name="erroLogins1" time="0.01"/>
  <testcase classname="com.hellomaven.tests.DemoGroups2" name="searchItem1" time="0.003"/>
  <testcase classname="com.hellomaven.tests.DemoGroups2" name="testinvalidlogin1" time="0.001"/>
  <testcase classname="com.hellomaven.tests.DemoGroups2" name="verifySearchResult1" time="0.001"/>
  <testcase classname="com.hellomaven.tests.DemoGroups" name="erroLogins" time="0.002"/>
  <testcase classname="com.hellomaven.tests.DemoGroups" name="searchItem" time="0.001"/>
  <testcase classname="com.hellomaven.tests.DemoGroups" name="testlogin" time="0.001"/>
  <testcase classname="com.hellomaven.tests.DemoGroups" name="verifySearchResult" time="0.001"/>
  <testcase classname="com.hellomaven.tests.DemoGroups2" name="verifyloginpage1" time="0.0">
    <ignored/>
  </testcase> <!-- verifyloginpage1 -->
  <testcase classname="com.hellomaven.tests.DemoGroups" name="serachItemwithInvlaidData" time="0.0">
    <ignored/>
  </testcase> <!-- serachItemwithInvlaidData -->
  <testcase classname="com.hellomaven.tests.DemoGroups" name="testinvalidlogin" time="0.0">
    <ignored/>
  </testcase> <!-- testinvalidlogin -->
  <testcase classname="com.hellomaven.tests.DemoGroups" name="verifyloginpage" time="0.0">
    <ignored/>
  </testcase> <!-- verifyloginpage -->
  <testcase classname="com.hellomaven.tests.DemoGroups2" name="testlogin1" time="0.0">
    <ignored/>
  </testcase> <!-- testlogin1 -->
  <testcase classname="com.hellomaven.tests.DemoGroups2" name="serachItemwithInvlaidData1" time="0.0">
    <ignored/>
  </testcase> <!-- serachItemwithInvlaidData1 -->
</testsuite> <!-- Test -->
