<?xml version="1.0" encoding="UTF-8"?>
<testng-results ignored="0" total="1" passed="1" failed="0" skipped="0">
  <reporter-output>
  </reporter-output>
  <suite started-at="2024-03-19T02:35:46Z" name="Default suite" finished-at="2024-03-19T02:35:57Z" duration-ms="10754">
    <groups>
    </groups>
    <test started-at="2024-03-19T02:35:46Z" name="Default test" finished-at="2024-03-19T02:35:57Z" duration-ms="10754">
      <class name="com.selenium.webtable.DemoWebTable">
        <test-method signature="test()[pri:0, instance:com.selenium.webtable.DemoWebTable@301eda63]" started-at="2024-03-19T08:05:46Z" name="test" finished-at="2024-03-19T08:05:57Z" duration-ms="10737" status="PASS">
          <reporter-output>
          </reporter-output>
        </test-method> <!-- test -->
      </class> <!-- com.selenium.webtable.DemoWebTable -->
    </test> <!-- Default test -->
  </suite> <!-- Default suite -->
</testng-results>
